Traceback (most recent call last):
  File "/Users/daxeshparmar/.pyenv/versions/3.12.5/bin/streamlit", line 5, in <module>
    from streamlit.web.cli import main
  File "/Users/daxeshparmar/.pyenv/versions/3.12.5/lib/python3.12/site-packages/streamlit/__init__.py", line 78, in <module>
    from streamlit.delta_generator import DeltaGenerator as _DeltaGenerator
  File "/Users/daxeshparmar/.pyenv/versions/3.12.5/lib/python3.12/site-packages/streamlit/delta_generator.py", line 74, in <module>
    from streamlit.elements.plotly_chart import PlotlyMixin
  File "/Users/daxeshparmar/.pyenv/versions/3.12.5/lib/python3.12/site-packages/streamlit/elements/plotly_chart.py", line 67, in <module>
    configure_streamlit_plotly_theme()
  File "/Users/daxeshparmar/.pyenv/versions/3.12.5/lib/python3.12/site-packages/streamlit/elements/lib/streamlit_plotly_theme.py", line 135, in configure_streamlit_plotly_theme
    textfont=go.sankey.Textfont(color=GRAY_70)
             ^^^^^^^^^
  File "/Users/daxeshparmar/.pyenv/versions/3.12.5/lib/python3.12/site-packages/plotly/graph_objects/__init__.py", line 306, in __getattr__
    return orig_getattr(import_name)
           ^^^^^^^^^^^^^^^^^^^^^^^^^
  File "/Users/daxeshparmar/.pyenv/versions/3.12.5/lib/python3.12/site-packages/_plotly_utils/importers.py", line 29, in __getattr__
    return importlib.import_module(rel_import, parent_name)
           ^^^^^^^^^^^^^^^^^^^^^^^^^^^^^^^^^^^^^^^^^^^^^^^^
  File "/Users/daxeshparmar/.pyenv/versions/3.12.5/lib/python3.12/importlib/__init__.py", line 90, in import_module
    return _bootstrap._gcd_import(name[level:], package, level)
           ^^^^^^^^^^^^^^^^^^^^^^^^^^^^^^^^^^^^^^^^^^^^^^^^^^^^
  File "<frozen importlib._bootstrap>", line 1387, in _gcd_import
  File "<frozen importlib._bootstrap>", line 1360, in _find_and_load
  File "<frozen importlib._bootstrap>", line 1331, in _find_and_load_unlocked
  File "<frozen importlib._bootstrap>", line 935, in _load_unlocked
  File "<frozen importlib._bootstrap_external>", line 991, in exec_module
  File "<frozen importlib._bootstrap_external>", line 1128, in get_code
  File "<frozen importlib._bootstrap_external>", line 1186, in get_data
PermissionError: [Errno 1] Operation not permitted: '/Users/daxeshparmar/.pyenv/versions/3.12.5/lib/python3.12/site-packages/plotly/graph_objs/sankey/__init__.py'
